\BOOKMARK [0][]{section*.1}{List\040of\040Figures}{}% 1
\BOOKMARK [0][]{section*.2}{List\040of\040Tables}{}% 2
\BOOKMARK [0][]{section*.2}{Listings}{}% 3
\BOOKMARK [0][]{chapter.1}{Introduzione}{}% 4
\BOOKMARK [1][]{section.1.1}{Obiettivo\040della\040Tesi}{chapter.1}% 5
\BOOKMARK [1][]{section.1.2}{Descrizione\040della\040tesi}{chapter.1}% 6
\BOOKMARK [0][]{chapter.2}{Network\040Security\040Automation\040e\040Verefoo}{}% 7
\BOOKMARK [1][]{section.2.1}{Service\040Function\040Chain}{chapter.2}% 8
\BOOKMARK [1][]{section.2.2}{Verefoo}{chapter.2}% 9
\BOOKMARK [2][]{subsection.2.2.1}{Introduzione}{section.2.2}% 10
\BOOKMARK [2][]{subsection.2.2.2}{Descrizione\040del\040modello}{section.2.2}% 11
\BOOKMARK [1][]{section.2.3}{Definizione\040ed\040esempio\040di\040Grafo\040di\040servizio\040e\040di\040allocazione}{chapter.2}% 12
\BOOKMARK [1][]{section.2.4}{Definizione\040ed\040esempi\040delle\040propriet\340\040di\040sicurezza}{chapter.2}% 13
\BOOKMARK [2][]{subsection.2.4.1}{Reachability\040Requirements}{section.2.4}% 14
\BOOKMARK [2][]{subsection.2.4.2}{Isolation\040Requirements}{section.2.4}% 15
\BOOKMARK [2][]{subsection.2.4.3}{Protection\040Requirements}{section.2.4}% 16
\BOOKMARK [0][]{chapter.3}{Docker}{}% 17
\BOOKMARK [1][]{section.3.1}{Differenze\040fra\040Container\040e\040Macchine\040Virtuali}{chapter.3}% 18
\BOOKMARK [1][]{section.3.2}{Docker\040e\040la\040sua\040architettura}{chapter.3}% 19
\BOOKMARK [1][]{section.3.3}{Il\040tool\040Compose}{chapter.3}% 20
\BOOKMARK [2][]{subsection.3.3.1}{Introduzione}{section.3.3}% 21
\BOOKMARK [2][]{subsection.3.3.2}{YAML}{section.3.3}% 22
\BOOKMARK [2][]{subsection.3.3.3}{Services\040e\040Networking}{section.3.3}% 23
\BOOKMARK [0][]{chapter.4}{Obiettivi\040della\040tesi}{}% 24
\BOOKMARK [0][]{chapter.5}{Correzione,\040sviluppo\040e\040ottimizzazione\040Demo\040A}{}% 25
\BOOKMARK [1][]{section.5.1}{Introduzione\040alla\040Demo}{chapter.5}% 26
\BOOKMARK [1][]{section.5.2}{Sviluppo\040Installer}{chapter.5}% 27
\BOOKMARK [1][]{section.5.3}{Implementazione}{chapter.5}% 28
\BOOKMARK [1][]{section.5.4}{Output}{chapter.5}% 29
\BOOKMARK [1][]{section.5.5}{Verifiche\040e\040Test}{chapter.5}% 30
\BOOKMARK [0][]{chapter.6}{Merge\040Funzioni\040di\040Verefoo}{}% 31
\BOOKMARK [1][]{section.6.1}{Versione\040Ibrida\040con\040doppio\040Jar\040File}{chapter.6}% 32
\BOOKMARK [1][]{section.6.2}{Versioni\040Firewall-to-VPN\040e\040VPN-to-Firewall}{chapter.6}% 33
\BOOKMARK [1][]{section.6.3}{Codice\040della\040soluzione\040prodotta}{chapter.6}% 34
\BOOKMARK [0][]{chapter.7}{DemoB}{}% 35
\BOOKMARK [0][]{chapter.8}{Conclusions}{}% 36
\BOOKMARK [0][]{chapter.8}{Bibliography}{}% 37
